mode: set
github.com/luis-lozano/gitflow-helper/internal/version/version.go:15.48,16.27 1 1
github.com/luis-lozano/gitflow-helper/internal/version/version.go:16.27,18.20 2 0
github.com/luis-lozano/gitflow-helper/internal/version/version.go:18.20,20.4 1 0
github.com/luis-lozano/gitflow-helper/internal/version/version.go:21.3,21.17 1 0
github.com/luis-lozano/gitflow-helper/internal/version/version.go:23.2,25.16 3 1
github.com/luis-lozano/gitflow-helper/internal/version/version.go:25.16,27.3 1 1
github.com/luis-lozano/gitflow-helper/internal/version/version.go:28.2,28.34 1 1
github.com/luis-lozano/gitflow-helper/internal/version/version.go:28.34,29.58 1 1
github.com/luis-lozano/gitflow-helper/internal/version/version.go:29.58,31.18 2 1
github.com/luis-lozano/gitflow-helper/internal/version/version.go:31.18,32.13 1 0
github.com/luis-lozano/gitflow-helper/internal/version/version.go:34.4,34.40 1 1
github.com/luis-lozano/gitflow-helper/internal/version/version.go:36.3,36.17 1 0
github.com/luis-lozano/gitflow-helper/internal/version/version.go:38.2,39.16 2 0
github.com/luis-lozano/gitflow-helper/internal/version/version.go:39.16,41.3 1 0
github.com/luis-lozano/gitflow-helper/internal/version/version.go:42.2,43.16 2 0
github.com/luis-lozano/gitflow-helper/internal/version/version.go:43.16,45.3 1 0
github.com/luis-lozano/gitflow-helper/internal/version/version.go:46.2,46.16 1 0
github.com/luis-lozano/gitflow-helper/internal/version/version.go:49.68,53.16 4 1
github.com/luis-lozano/gitflow-helper/internal/version/version.go:53.16,55.3 1 0
github.com/luis-lozano/gitflow-helper/internal/version/version.go:56.2,60.18 4 1
github.com/luis-lozano/gitflow-helper/internal/version/version.go:61.15,64.12 3 1
github.com/luis-lozano/gitflow-helper/internal/version/version.go:65.15,67.12 2 1
github.com/luis-lozano/gitflow-helper/internal/version/version.go:68.10,69.10 1 1
github.com/luis-lozano/gitflow-helper/internal/version/version.go:71.2,71.53 1 1
github.com/luis-lozano/gitflow-helper/internal/version/version.go:74.58,75.27 1 1
github.com/luis-lozano/gitflow-helper/internal/version/version.go:75.27,77.3 1 0
github.com/luis-lozano/gitflow-helper/internal/version/version.go:78.2,81.34 3 1
github.com/luis-lozano/gitflow-helper/internal/version/version.go:81.34,86.3 4 1
github.com/luis-lozano/gitflow-helper/internal/version/version.go:88.2,89.16 2 1
github.com/luis-lozano/gitflow-helper/internal/version/version.go:89.16,91.3 1 0
github.com/luis-lozano/gitflow-helper/internal/version/version.go:92.2,93.16 2 1
github.com/luis-lozano/gitflow-helper/internal/version/version.go:93.16,95.3 1 0
github.com/luis-lozano/gitflow-helper/internal/version/version.go:96.2,97.19 2 1
github.com/luis-lozano/gitflow-helper/internal/version/version.go:97.19,102.3 4 1
github.com/luis-lozano/gitflow-helper/internal/version/version.go:105.57,106.27 1 1
github.com/luis-lozano/gitflow-helper/internal/version/version.go:106.27,108.3 1 0
github.com/luis-lozano/gitflow-helper/internal/version/version.go:109.2,110.37 2 1
github.com/luis-lozano/gitflow-helper/internal/version/version.go:110.37,112.3 1 1
github.com/luis-lozano/gitflow-helper/internal/version/version.go:112.8,112.28 1 0
github.com/luis-lozano/gitflow-helper/internal/version/version.go:112.28,114.3 1 0
github.com/luis-lozano/gitflow-helper/internal/version/version.go:115.2,115.18 1 1
github.com/luis-lozano/gitflow-helper/internal/version/version.go:118.49,119.32 1 1
github.com/luis-lozano/gitflow-helper/internal/version/version.go:119.32,121.3 1 0
github.com/luis-lozano/gitflow-helper/internal/version/version.go:122.2,123.67 2 1
github.com/luis-lozano/gitflow-helper/internal/version/version.go:123.67,125.3 1 1
github.com/luis-lozano/gitflow-helper/internal/version/version.go:126.2,127.18 2 1
github.com/luis-lozano/gitflow-helper/internal/ide/agents.go:7.44,9.2 1 1
github.com/luis-lozano/gitflow-helper/internal/ide/agents.go:11.48,13.2 1 1
github.com/luis-lozano/gitflow-helper/internal/ide/agents.go:15.59,17.2 1 1
github.com/luis-lozano/gitflow-helper/internal/ide/claudecode.go:7.48,9.2 1 1
github.com/luis-lozano/gitflow-helper/internal/ide/claudecode.go:11.52,13.2 1 1
github.com/luis-lozano/gitflow-helper/internal/ide/claudecode.go:15.65,17.2 1 1
github.com/luis-lozano/gitflow-helper/internal/ide/cline.go:7.47,9.2 1 1
github.com/luis-lozano/gitflow-helper/internal/ide/cline.go:11.47,12.53 1 1
github.com/luis-lozano/gitflow-helper/internal/ide/cline.go:12.53,14.3 1 1
github.com/luis-lozano/gitflow-helper/internal/ide/cline.go:15.2,15.85 1 1
github.com/luis-lozano/gitflow-helper/internal/ide/cline.go:18.60,20.2 1 1
github.com/luis-lozano/gitflow-helper/internal/ide/copilot.go:7.45,9.2 1 1
github.com/luis-lozano/gitflow-helper/internal/ide/copilot.go:11.49,13.2 1 1
github.com/luis-lozano/gitflow-helper/internal/ide/copilot.go:15.70,17.2 1 1
github.com/luis-lozano/gitflow-helper/internal/ide/cursor.go:19.48,21.2 1 1
github.com/luis-lozano/gitflow-helper/internal/ide/cursor.go:23.48,26.2 2 1
github.com/luis-lozano/gitflow-helper/internal/ide/cursor.go:28.61,30.47 2 1
github.com/luis-lozano/gitflow-helper/internal/ide/cursor.go:30.47,32.3 1 0
github.com/luis-lozano/gitflow-helper/internal/ide/cursor.go:33.2,35.66 3 1
github.com/luis-lozano/gitflow-helper/internal/ide/cursor.go:35.66,37.3 1 0
github.com/luis-lozano/gitflow-helper/internal/ide/cursor.go:38.2,38.18 1 1
github.com/luis-lozano/gitflow-helper/internal/ide/detect.go:50.50,52.36 2 1
github.com/luis-lozano/gitflow-helper/internal/ide/detect.go:52.36,53.32 1 1
github.com/luis-lozano/gitflow-helper/internal/ide/detect.go:53.32,55.4 1 1
github.com/luis-lozano/gitflow-helper/internal/ide/detect.go:57.2,57.14 1 1
github.com/luis-lozano/gitflow-helper/internal/ide/detect.go:61.52,63.18 2 1
github.com/luis-lozano/gitflow-helper/internal/ide/detect.go:63.18,65.3 1 1
github.com/luis-lozano/gitflow-helper/internal/ide/detect.go:66.2,66.61 1 0
github.com/luis-lozano/gitflow-helper/internal/ide/detect.go:91.84,95.50 2 1
github.com/luis-lozano/gitflow-helper/internal/ide/detect.go:95.50,96.32 1 1
github.com/luis-lozano/gitflow-helper/internal/ide/detect.go:96.32,98.18 2 1
github.com/luis-lozano/gitflow-helper/internal/ide/detect.go:98.18,100.5 1 0
github.com/luis-lozano/gitflow-helper/internal/ide/detect.go:101.4,101.35 1 1
github.com/luis-lozano/gitflow-helper/internal/ide/detect.go:106.2,106.36 1 1
github.com/luis-lozano/gitflow-helper/internal/ide/detect.go:106.36,108.17 2 1
github.com/luis-lozano/gitflow-helper/internal/ide/detect.go:108.17,110.4 1 0
github.com/luis-lozano/gitflow-helper/internal/ide/detect.go:111.3,111.34 1 1
github.com/luis-lozano/gitflow-helper/internal/ide/detect.go:115.2,115.81 1 1
github.com/luis-lozano/gitflow-helper/internal/ide/detect.go:115.81,117.31 2 1
github.com/luis-lozano/gitflow-helper/internal/ide/detect.go:117.31,119.4 1 1
github.com/luis-lozano/gitflow-helper/internal/ide/detect.go:122.2,122.21 1 1
github.com/luis-lozano/gitflow-helper/internal/ide/detect.go:127.44,129.28 2 1
github.com/luis-lozano/gitflow-helper/internal/ide/detect.go:129.28,130.25 1 1
github.com/luis-lozano/gitflow-helper/internal/ide/detect.go:130.25,132.4 1 0
github.com/luis-lozano/gitflow-helper/internal/ide/detect.go:134.2,134.74 1 1
github.com/luis-lozano/gitflow-helper/internal/ide/detect.go:134.74,135.35 1 1
github.com/luis-lozano/gitflow-helper/internal/ide/detect.go:135.35,137.4 1 0
github.com/luis-lozano/gitflow-helper/internal/ide/detect.go:138.3,138.14 1 1
github.com/luis-lozano/gitflow-helper/internal/ide/detect.go:140.2,140.37 1 1
github.com/luis-lozano/gitflow-helper/internal/ide/detect.go:143.44,145.28 2 1
github.com/luis-lozano/gitflow-helper/internal/ide/detect.go:145.28,146.25 1 1
github.com/luis-lozano/gitflow-helper/internal/ide/detect.go:146.25,148.4 1 1
github.com/luis-lozano/gitflow-helper/internal/ide/detect.go:150.2,150.35 1 0
github.com/luis-lozano/gitflow-helper/internal/ide/detect.go:153.45,154.32 1 1
github.com/luis-lozano/gitflow-helper/internal/ide/detect.go:154.32,156.3 1 0
github.com/luis-lozano/gitflow-helper/internal/ide/detect.go:157.2,157.33 1 1
github.com/luis-lozano/gitflow-helper/internal/ide/detect.go:157.33,158.46 1 1
github.com/luis-lozano/gitflow-helper/internal/ide/detect.go:158.46,160.4 1 0
github.com/luis-lozano/gitflow-helper/internal/ide/detect.go:162.2,162.101 1 1
github.com/luis-lozano/gitflow-helper/internal/ide/detect.go:162.101,164.3 1 0
github.com/luis-lozano/gitflow-helper/internal/ide/detect.go:165.2,165.14 1 1
github.com/luis-lozano/gitflow-helper/internal/ide/detect.go:168.48,169.33 1 1
github.com/luis-lozano/gitflow-helper/internal/ide/detect.go:169.33,170.76 1 1
github.com/luis-lozano/gitflow-helper/internal/ide/detect.go:170.76,172.4 1 0
github.com/luis-lozano/gitflow-helper/internal/ide/detect.go:174.2,174.76 1 1
github.com/luis-lozano/gitflow-helper/internal/ide/detect.go:174.76,176.3 1 1
github.com/luis-lozano/gitflow-helper/internal/ide/detect.go:177.2,177.74 1 1
github.com/luis-lozano/gitflow-helper/internal/ide/detect.go:177.74,179.3 1 1
github.com/luis-lozano/gitflow-helper/internal/ide/detect.go:180.2,180.37 1 1
github.com/luis-lozano/gitflow-helper/internal/ide/detect.go:183.46,184.33 1 1
github.com/luis-lozano/gitflow-helper/internal/ide/detect.go:184.33,185.76 1 1
github.com/luis-lozano/gitflow-helper/internal/ide/detect.go:185.76,187.4 1 0
github.com/luis-lozano/gitflow-helper/internal/ide/detect.go:189.2,189.76 1 1
github.com/luis-lozano/gitflow-helper/internal/ide/detect.go:189.76,191.3 1 1
github.com/luis-lozano/gitflow-helper/internal/ide/detect.go:192.2,192.81 1 1
github.com/luis-lozano/gitflow-helper/internal/ide/detect.go:192.81,194.3 1 1
github.com/luis-lozano/gitflow-helper/internal/ide/detect.go:195.2,195.39 1 1
github.com/luis-lozano/gitflow-helper/internal/ide/detect.go:198.43,199.78 1 1
github.com/luis-lozano/gitflow-helper/internal/ide/detect.go:199.78,201.3 1 1
github.com/luis-lozano/gitflow-helper/internal/ide/detect.go:202.2,202.73 1 1
github.com/luis-lozano/gitflow-helper/internal/ide/detect.go:202.73,204.3 1 1
github.com/luis-lozano/gitflow-helper/internal/ide/detect.go:205.2,205.33 1 1
github.com/luis-lozano/gitflow-helper/internal/ide/detect.go:205.33,206.37 1 1
github.com/luis-lozano/gitflow-helper/internal/ide/detect.go:206.37,208.4 1 0
github.com/luis-lozano/gitflow-helper/internal/ide/detect.go:210.2,210.14 1 1
github.com/luis-lozano/gitflow-helper/internal/ide/detect.go:213.41,214.33 1 1
github.com/luis-lozano/gitflow-helper/internal/ide/detect.go:214.33,216.3 1 0
github.com/luis-lozano/gitflow-helper/internal/ide/detect.go:217.2,217.71 1 1
github.com/luis-lozano/gitflow-helper/internal/ide/detect.go:217.71,219.3 1 1
github.com/luis-lozano/gitflow-helper/internal/ide/detect.go:220.2,220.34 1 1
github.com/luis-lozano/gitflow-helper/internal/ide/detect.go:223.44,224.71 1 1
github.com/luis-lozano/gitflow-helper/internal/ide/detect.go:224.71,226.3 1 1
github.com/luis-lozano/gitflow-helper/internal/ide/detect.go:227.2,227.35 1 1
github.com/luis-lozano/gitflow-helper/internal/ide/detect.go:230.47,231.72 1 1
github.com/luis-lozano/gitflow-helper/internal/ide/detect.go:231.72,233.3 1 1
github.com/luis-lozano/gitflow-helper/internal/ide/detect.go:234.2,235.39 2 1
github.com/luis-lozano/gitflow-helper/internal/ide/detect.go:235.39,236.28 1 1
github.com/luis-lozano/gitflow-helper/internal/ide/detect.go:236.28,238.4 1 0
github.com/luis-lozano/gitflow-helper/internal/ide/detect.go:240.2,240.14 1 1
github.com/luis-lozano/gitflow-helper/internal/ide/detect.go:244.43,246.15 2 1
github.com/luis-lozano/gitflow-helper/internal/ide/detect.go:246.15,248.3 1 0
github.com/luis-lozano/gitflow-helper/internal/ide/detect.go:250.2,250.22 1 1
github.com/luis-lozano/gitflow-helper/internal/ide/detect.go:251.15,253.17 2 0
github.com/luis-lozano/gitflow-helper/internal/ide/detect.go:253.17,255.4 1 0
github.com/luis-lozano/gitflow-helper/internal/ide/detect.go:256.16,258.17 2 0
github.com/luis-lozano/gitflow-helper/internal/ide/detect.go:258.17,260.4 1 0
github.com/luis-lozano/gitflow-helper/internal/ide/detect.go:262.2,262.14 1 1
github.com/luis-lozano/gitflow-helper/internal/ide/detect.go:267.62,270.46 2 1
github.com/luis-lozano/gitflow-helper/internal/ide/detect.go:270.46,272.17 2 1
github.com/luis-lozano/gitflow-helper/internal/ide/detect.go:272.17,274.4 1 0
github.com/luis-lozano/gitflow-helper/internal/ide/detect.go:275.3,275.27 1 1
github.com/luis-lozano/gitflow-helper/internal/ide/detect.go:279.2,279.49 1 1
github.com/luis-lozano/gitflow-helper/internal/ide/detect.go:279.49,280.54 1 1
github.com/luis-lozano/gitflow-helper/internal/ide/detect.go:280.54,281.43 1 1
github.com/luis-lozano/gitflow-helper/internal/ide/detect.go:281.43,283.19 2 1
github.com/luis-lozano/gitflow-helper/internal/ide/detect.go:283.19,285.6 1 0
github.com/luis-lozano/gitflow-helper/internal/ide/detect.go:286.5,286.29 1 1
github.com/luis-lozano/gitflow-helper/internal/ide/detect.go:292.2,293.16 2 1
github.com/luis-lozano/gitflow-helper/internal/ide/detect.go:293.16,295.3 1 0
github.com/luis-lozano/gitflow-helper/internal/ide/detect.go:296.2,300.49 3 1
github.com/luis-lozano/gitflow-helper/internal/ide/detect.go:300.49,302.3 1 1
github.com/luis-lozano/gitflow-helper/internal/ide/detect.go:303.2,303.32 1 1
github.com/luis-lozano/gitflow-helper/internal/ide/detect.go:303.32,304.27 1 1
github.com/luis-lozano/gitflow-helper/internal/ide/detect.go:304.27,306.29 2 1
github.com/luis-lozano/gitflow-helper/internal/ide/detect.go:306.29,308.5 1 1
github.com/luis-lozano/gitflow-helper/internal/ide/detect.go:312.2,312.19 1 1
github.com/luis-lozano/gitflow-helper/internal/ide/fileutil.go:12.44,14.16 2 1
github.com/luis-lozano/gitflow-helper/internal/ide/fileutil.go:14.16,16.3 1 1
github.com/luis-lozano/gitflow-helper/internal/ide/fileutil.go:17.2,18.40 2 1
github.com/luis-lozano/gitflow-helper/internal/ide/fileutil.go:18.40,19.40 1 1
github.com/luis-lozano/gitflow-helper/internal/ide/fileutil.go:19.40,21.4 1 1
github.com/luis-lozano/gitflow-helper/internal/ide/fileutil.go:23.2,23.14 1 1
github.com/luis-lozano/gitflow-helper/internal/ide/fileutil.go:33.86,35.47 2 1
github.com/luis-lozano/gitflow-helper/internal/ide/fileutil.go:35.47,37.3 1 0
github.com/luis-lozano/gitflow-helper/internal/ide/fileutil.go:39.2,40.30 2 1
github.com/luis-lozano/gitflow-helper/internal/ide/fileutil.go:40.30,42.3 1 1
github.com/luis-lozano/gitflow-helper/internal/ide/fileutil.go:44.2,45.16 2 1
github.com/luis-lozano/gitflow-helper/internal/ide/fileutil.go:45.16,47.41 2 1
github.com/luis-lozano/gitflow-helper/internal/ide/fileutil.go:47.41,48.41 1 1
github.com/luis-lozano/gitflow-helper/internal/ide/fileutil.go:48.41,50.5 1 1
github.com/luis-lozano/gitflow-helper/internal/ide/fileutil.go:53.3,54.67 2 1
github.com/luis-lozano/gitflow-helper/internal/ide/fileutil.go:54.67,56.4 1 0
github.com/luis-lozano/gitflow-helper/internal/ide/fileutil.go:57.3,57.19 1 1
github.com/luis-lozano/gitflow-helper/internal/ide/fileutil.go:60.2,61.66 2 1
github.com/luis-lozano/gitflow-helper/internal/ide/fileutil.go:61.66,63.3 1 0
github.com/luis-lozano/gitflow-helper/internal/ide/fileutil.go:64.2,64.18 1 1
github.com/luis-lozano/gitflow-helper/internal/ide/jetbrains.go:8.51,10.2 1 1
github.com/luis-lozano/gitflow-helper/internal/ide/jetbrains.go:12.51,15.2 2 1
github.com/luis-lozano/gitflow-helper/internal/ide/jetbrains.go:17.64,19.2 1 1
github.com/luis-lozano/gitflow-helper/internal/ide/mcpconfig.go:31.33,33.16 2 1
github.com/luis-lozano/gitflow-helper/internal/ide/mcpconfig.go:33.16,35.3 1 1
github.com/luis-lozano/gitflow-helper/internal/ide/mcpconfig.go:36.2,36.10 1 0
github.com/luis-lozano/gitflow-helper/internal/ide/mcpconfig.go:40.54,41.15 1 1
github.com/luis-lozano/gitflow-helper/internal/ide/mcpconfig.go:42.17,43.59 1 1
github.com/luis-lozano/gitflow-helper/internal/ide/mcpconfig.go:44.29,45.59 1 1
github.com/luis-lozano/gitflow-helper/internal/ide/mcpconfig.go:46.21,47.59 1 1
github.com/luis-lozano/gitflow-helper/internal/ide/mcpconfig.go:48.19,49.61 1 1
github.com/luis-lozano/gitflow-helper/internal/ide/mcpconfig.go:50.10,51.12 1 0
github.com/luis-lozano/gitflow-helper/internal/ide/mcpconfig.go:56.54,58.16 2 1
github.com/luis-lozano/gitflow-helper/internal/ide/mcpconfig.go:58.16,60.3 1 0
github.com/luis-lozano/gitflow-helper/internal/ide/mcpconfig.go:61.2,62.16 2 1
github.com/luis-lozano/gitflow-helper/internal/ide/mcpconfig.go:62.16,64.3 1 1
github.com/luis-lozano/gitflow-helper/internal/ide/mcpconfig.go:65.2,65.52 1 1
github.com/luis-lozano/gitflow-helper/internal/ide/mcpconfig.go:71.65,72.30 1 1
github.com/luis-lozano/gitflow-helper/internal/ide/mcpconfig.go:72.30,74.3 1 0
github.com/luis-lozano/gitflow-helper/internal/ide/mcpconfig.go:76.2,77.16 2 1
github.com/luis-lozano/gitflow-helper/internal/ide/mcpconfig.go:77.16,79.3 1 0
github.com/luis-lozano/gitflow-helper/internal/ide/mcpconfig.go:81.2,82.47 2 1
github.com/luis-lozano/gitflow-helper/internal/ide/mcpconfig.go:82.47,84.3 1 0
github.com/luis-lozano/gitflow-helper/internal/ide/mcpconfig.go:86.2,89.16 3 1
github.com/luis-lozano/gitflow-helper/internal/ide/mcpconfig.go:89.16,90.52 1 0
github.com/luis-lozano/gitflow-helper/internal/ide/mcpconfig.go:90.52,92.4 1 0
github.com/luis-lozano/gitflow-helper/internal/ide/mcpconfig.go:95.2,95.27 1 1
github.com/luis-lozano/gitflow-helper/internal/ide/mcpconfig.go:95.27,97.3 1 1
github.com/luis-lozano/gitflow-helper/internal/ide/mcpconfig.go:99.2,99.52 1 1
github.com/luis-lozano/gitflow-helper/internal/ide/mcpconfig.go:99.52,101.3 1 0
github.com/luis-lozano/gitflow-helper/internal/ide/mcpconfig.go:103.2,109.16 3 1
github.com/luis-lozano/gitflow-helper/internal/ide/mcpconfig.go:109.16,111.3 1 0
github.com/luis-lozano/gitflow-helper/internal/ide/mcpconfig.go:112.2,114.54 2 1
github.com/luis-lozano/gitflow-helper/internal/ide/mcpconfig.go:114.54,116.3 1 0
github.com/luis-lozano/gitflow-helper/internal/ide/mcpconfig.go:117.2,117.18 1 1
github.com/luis-lozano/gitflow-helper/internal/ide/neovim.go:8.48,10.2 1 1
github.com/luis-lozano/gitflow-helper/internal/ide/neovim.go:12.48,15.2 2 1
github.com/luis-lozano/gitflow-helper/internal/ide/neovim.go:17.61,19.2 1 1
github.com/luis-lozano/gitflow-helper/internal/ide/windsurf.go:8.50,10.2 1 1
github.com/luis-lozano/gitflow-helper/internal/ide/windsurf.go:12.50,13.66 1 1
github.com/luis-lozano/gitflow-helper/internal/ide/windsurf.go:13.66,15.3 1 1
github.com/luis-lozano/gitflow-helper/internal/ide/windsurf.go:16.2,16.74 1 1
github.com/luis-lozano/gitflow-helper/internal/ide/windsurf.go:19.63,21.2 1 1
github.com/luis-lozano/gitflow-helper/internal/ide/zed.go:8.45,10.2 1 1
github.com/luis-lozano/gitflow-helper/internal/ide/zed.go:12.45,15.2 2 1
github.com/luis-lozano/gitflow-helper/internal/ide/zed.go:17.58,19.2 1 1
